# JRE version: Java(TM) SE Runtime Environment (19.0.2+7) (build 19.0.2+7-44)
# Java VM: Java HotSpot(TM) 64-Bit Server VM (19.0.2+7-44, mixed mode, sharing, tiered, compressed oops, compressed class ptrs, g1 gc, windows-amd64)
GC Precious Log:
 CardTable entry size: 512
 Card Set container configuration: InlinePtr #cards 4 size 8 Array Of Cards #cards 32 size 80 Howl #buckets 8 coarsen threshold 7372 Howl Bitmap #cards 1024 size 144 coarsen threshold 921 Card regions per heap region 1 cards per card region 8192
 CPUs: 8 total, 8 available
 Memory: 20360M
 Large Page Support: Disabled
 NUMA Support: Disabled
 Compressed Oops: Enabled (Zero based)
 Heap Region Size: 4M
 Heap Min Capacity: 8M
 Heap Initial Capacity: 320M
 Heap Max Capacity: 5092M
 Pre-touch: Disabled
 Parallel Workers: 8
 Concurrent Workers: 2
 Concurrent Refinement Workers: 8
 Periodic GC: Disabled
Heap:
 garbage-first heap   total 110592K, used 33199K [0x00000006c1c00000, 0x0000000800000000)
  region size 4096K, 3 young (12288K), 1 survivors (4096K)
 Metaspace       used 68346K, committed 68992K, reserved 1114112K
  class space    used 9000K, committed 9280K, reserved 1048576K
GC Heap History (20 events):
Event: 10.774 GC heap after
{Heap after GC invocations=7 (full 0):
 garbage-first heap   total 69632K, used 17241K [0x00000006c1c00000, 0x0000000800000000)
  region size 4096K, 1 young (4096K), 1 survivors (4096K)
 Metaspace       used 27606K, committed 28032K, reserved 1114112K
  class space    used 3397K, committed 3584K, reserved 1048576K
}
Event: 12.989 GC heap before
{Heap before GC invocations=7 (full 0):
 garbage-first heap   total 69632K, used 41817K [0x00000006c1c00000, 0x0000000800000000)
  region size 4096K, 8 young (32768K), 1 survivors (4096K)
 Metaspace       used 34962K, committed 35392K, reserved 1114112K
  class space    used 4237K, committed 4416K, reserved 1048576K
}
Event: 12.995 GC heap after
{Heap after GC invocations=8 (full 0):
 garbage-first heap   total 69632K, used 18552K [0x00000006c1c00000, 0x0000000800000000)
  region size 4096K, 1 young (4096K), 1 survivors (4096K)
 Metaspace       used 34962K, committed 35392K, reserved 1114112K
  class space    used 4237K, committed 4416K, reserved 1048576K
}
Event: 13.183 GC heap before
{Heap before GC invocations=8 (full 0):
 garbage-first heap   total 69632K, used 18552K [0x00000006c1c00000, 0x0000000800000000)
  region size 4096K, 2 young (8192K), 1 survivors (4096K)
 Metaspace       used 35542K, committed 35968K, reserved 1114112K
  class space    used 4324K, committed 4544K, reserved 1048576K
}
Event: 13.186 GC heap after
{Heap after GC invocations=9 (full 0):
 garbage-first heap   total 69632K, used 18740K [0x00000006c1c00000, 0x0000000800000000)
  region size 4096K, 1 young (4096K), 1 survivors (4096K)
 Metaspace       used 35542K, committed 35968K, reserved 1114112K
  class space    used 4324K, committed 4544K, reserved 1048576K
}
Event: 15.442 GC heap before
{Heap before GC invocations=10 (full 0):
 garbage-first heap   total 69632K, used 43316K [0x00000006c1c00000, 0x0000000800000000)
  region size 4096K, 7 young (28672K), 1 survivors (4096K)
 Metaspace       used 41748K, committed 42240K, reserved 1114112K
  class space    used 5339K, committed 5568K, reserved 1048576K
}
Event: 15.448 GC heap after
{Heap after GC invocations=11 (full 0):
 garbage-first heap   total 69632K, used 20020K [0x00000006c1c00000, 0x0000000800000000)
  region size 4096K, 1 young (4096K), 1 survivors (4096K)
 Metaspace       used 41748K, committed 42240K, reserved 1114112K
  class space    used 5339K, committed 5568K, reserved 1048576K
}
Event: 16.464 GC heap before
{Heap before GC invocations=11 (full 0):
 garbage-first heap   total 69632K, used 48692K [0x00000006c1c00000, 0x0000000800000000)
  region size 4096K, 8 young (32768K), 1 survivors (4096K)
 Metaspace       used 50527K, committed 51008K, reserved 1114112K
  class space    used 6584K, committed 6848K, reserved 1048576K
}
Event: 16.479 GC heap after
{Heap after GC invocations=12 (full 0):
 garbage-first heap   total 69632K, used 21125K [0x00000006c1c00000, 0x0000000800000000)
  region size 4096K, 1 young (4096K), 1 survivors (4096K)
 Metaspace       used 50527K, committed 51008K, reserved 1114112K
  class space    used 6584K, committed 6848K, reserved 1048576K
}
Event: 17.771 GC heap before
{Heap before GC invocations=12 (full 0):
 garbage-first heap   total 69632K, used 49797K [0x00000006c1c00000, 0x0000000800000000)
  region size 4096K, 8 young (32768K), 1 survivors (4096K)
 Metaspace       used 57305K, committed 57856K, reserved 1114112K
  class space    used 7539K, committed 7808K, reserved 1048576K
}
Event: 17.791 GC heap after
{Heap after GC invocations=13 (full 0):
 garbage-first heap   total 200704K, used 23180K [0x00000006c1c00000, 0x0000000800000000)
  region size 4096K, 1 young (4096K), 1 survivors (4096K)
 Metaspace       used 57305K, committed 57856K, reserved 1114112K
  class space    used 7539K, committed 7808K, reserved 1048576K
}
Event: 18.518 GC heap before
{Heap before GC invocations=13 (full 0):
 garbage-first heap   total 200704K, used 39564K [0x00000006c1c00000, 0x0000000800000000)
  region size 4096K, 6 young (24576K), 1 survivors (4096K)
 Metaspace       used 59816K, committed 60416K, reserved 1114112K
  class space    used 7885K, committed 8128K, reserved 1048576K
}
Event: 18.528 GC heap after
{Heap after GC invocations=14 (full 0):
 garbage-first heap   total 200704K, used 25108K [0x00000006c1c00000, 0x0000000800000000)
  region size 4096K, 2 young (8192K), 2 survivors (8192K)
 Metaspace       used 59816K, committed 60416K, reserved 1114112K
  class space    used 7885K, committed 8128K, reserved 1048576K
}
Event: 4376.930 GC heap before
{Heap before GC invocations=15 (full 0):
 garbage-first heap   total 110592K, used 82452K [0x00000006c1c00000, 0x0000000800000000)
  region size 4096K, 16 young (65536K), 2 survivors (8192K)
 Metaspace       used 60700K, committed 61376K, reserved 1114112K
  class space    used 8035K, committed 8320K, reserved 1048576K
}
Event: 4376.949 GC heap after
{Heap after GC invocations=16 (full 0):
 garbage-first heap   total 110592K, used 25913K [0x00000006c1c00000, 0x0000000800000000)
  region size 4096K, 2 young (8192K), 2 survivors (8192K)
 Metaspace       used 60700K, committed 61376K, reserved 1114112K
  class space    used 8035K, committed 8320K, reserved 1048576K
}
Event: 4706.214 GC heap before
{Heap before GC invocations=16 (full 0):
 garbage-first heap   total 110592K, used 30009K [0x00000006c1c00000, 0x0000000800000000)
  region size 4096K, 3 young (12288K), 2 survivors (8192K)
 Metaspace       used 60714K, committed 61376K, reserved 1114112K
  class space    used 8035K, committed 8320K, reserved 1048576K
}
Event: 4706.223 GC heap after
{Heap after GC invocations=17 (full 0):
 garbage-first heap   total 110592K, used 25674K [0x00000006c1c00000, 0x0000000800000000)
  region size 4096K, 1 young (4096K), 1 survivors (4096K)
 Metaspace       used 60714K, committed 61376K, reserved 1114112K
  class space    used 8035K, committed 8320K, reserved 1048576K
}
Event: 10725.355 GC heap before
{Heap before GC invocations=17 (full 0):
 garbage-first heap   total 110592K, used 74826K [0x00000006c1c00000, 0x0000000800000000)
  region size 4096K, 14 young (57344K), 1 survivors (4096K)
 Metaspace       used 68178K, committed 68864K, reserved 1114112K
  class space    used 8976K, committed 9280K, reserved 1048576K
}
Event: 10725.360 GC heap after
{Heap after GC invocations=18 (full 0):
 garbage-first heap   total 110592K, used 26896K [0x00000006c1c00000, 0x0000000800000000)
  region size 4096K, 1 young (4096K), 1 survivors (4096K)
 Metaspace       used 68178K, committed 68864K, reserved 1114112K
  class space    used 8976K, committed 9280K, reserved 1048576K
}
Event: 11023.282 GC heap before
{Heap before GC invocations=18 (full 0):
 garbage-first heap   total 110592K, used 30992K [0x00000006c1c00000, 0x0000000800000000)
  region size 4096K, 3 young (12288K), 1 survivors (4096K)
 Metaspace       used 68346K, committed 68992K, reserved 1114112K
  class space    used 9000K, committed 9280K, reserved 1048576K
}

